2011-07-05 21:39:45,950 - Starting Apache Velocity v1.5 (compiled: 2007-02-22 08:52:29)
2011-07-05 21:39:45,950 - Default Properties File: org/apache/velocity/runtime/defaults/velocity.properties
2011-07-05 21:39:45,950 - Trying to use logger class org.apache.velocity.runtime.log.AvalonLogChute
2011-07-05 21:39:45,952 - Couldn't find class org.apache.velocity.runtime.log.AvalonLogChute or necessary supporting classes in classpath.
java.lang.NoClassDefFoundError: org/apache/log/format/Formatter
	at java.lang.Class.forName0(Native Method)
	at java.lang.Class.forName(Class.java:264)
	at org.apache.velocity.util.ClassUtils.getClass(ClassUtils.java:63)
	at org.apache.velocity.util.ClassUtils.getNewInstance(ClassUtils.java:95)
	at org.apache.velocity.runtime.log.LogManager.createLogChute(LogManager.java:147)
	at org.apache.velocity.runtime.log.LogManager.updateLog(LogManager.java:208)
	at org.apache.velocity.runtime.RuntimeInstance.initializeLog(RuntimeInstance.java:728)
	at org.apache.velocity.runtime.RuntimeInstance.init(RuntimeInstance.java:240)
	at org.apache.velocity.runtime.RuntimeInstance.init(RuntimeInstance.java:534)
	at org.apache.velocity.app.VelocityEngine.init(VelocityEngine.java:144)
	at com.amazonaws.mturk.addon.HITQuestion.<init>(HITQuestion.java:68)
	at com.amazonaws.mturk.cmd.LoadHITs.loadHITs(LoadHITs.java:185)
	at com.amazonaws.mturk.cmd.LoadHITs.runCommand(LoadHITs.java:120)
	at com.amazonaws.mturk.cmd.AbstractCmd.run(AbstractCmd.java:148)
	at com.amazonaws.mturk.cmd.LoadHITs.main(LoadHITs.java:55)
Caused by: java.lang.ClassNotFoundException: org.apache.log.format.Formatter
	at java.net.URLClassLoader$1.run(URLClassLoader.java:217)
	at java.security.AccessController.doPrivileged(Native Method)
	at java.net.URLClassLoader.findClass(URLClassLoader.java:205)
	at java.lang.ClassLoader.loadClass(ClassLoader.java:321)
	at sun.misc.Launcher$AppClassLoader.loadClass(Launcher.java:294)
	at java.lang.ClassLoader.loadClass(ClassLoader.java:266)
	at java.lang.ClassLoader.loadClassInternal(ClassLoader.java:334)
	... 15 more
2011-07-05 21:39:45,953 - Trying to use logger class org.apache.velocity.runtime.log.Log4JLogChute
2011-07-05 21:39:45,953 - Using logger class org.apache.velocity.runtime.log.Log4JLogChute
2011-07-05 21:39:45,957 - Default ResourceManager initializing. (class org.apache.velocity.runtime.resource.ResourceManagerImpl)
2011-07-05 21:39:45,963 - ResourceLoader instantiated: org.apache.velocity.runtime.resource.loader.FileResourceLoader
2011-07-05 21:39:45,965 - Do unicode file recognition:  false
2011-07-05 21:39:45,965 - FileResourceLoader : adding path '/afs/athena.mit.edu/user/j/g/jgross/web_scripts/alphabets/results/mturk-results/HITs/classification/large_data_set/first_no_uniuqe_classes_run'
2011-07-05 21:39:45,986 - ResourceCache: initialized (class org.apache.velocity.runtime.resource.ResourceCacheImpl)
2011-07-05 21:39:45,989 - Loaded System Directive: org.apache.velocity.runtime.directive.Literal
2011-07-05 21:39:45,992 - Loaded System Directive: org.apache.velocity.runtime.directive.Macro
2011-07-05 21:39:45,995 - Loaded System Directive: org.apache.velocity.runtime.directive.Parse
2011-07-05 21:39:45,997 - Loaded System Directive: org.apache.velocity.runtime.directive.Include
2011-07-05 21:39:45,999 - Loaded System Directive: org.apache.velocity.runtime.directive.Foreach
2011-07-05 21:39:46,058 - Created '20' parsers.
2011-07-05 21:39:46,072 - Velocimacro : "velocimacro.library" is not set.  Trying default library: VM_global_library.vm
2011-07-05 21:39:46,073 - Velocimacro : Default library not found.
2011-07-05 21:39:46,073 - Velocimacro : allowInline = true : VMs can be defined inline in templates
2011-07-05 21:39:46,073 - Velocimacro : allowInlineToOverride = false : VMs defined inline may NOT replace previous VM definitions
2011-07-05 21:39:46,073 - Velocimacro : allowInlineLocal = false : VMs defined inline will be global in scope if allowed.
2011-07-05 21:39:46,073 - Velocimacro : autoload off : VM system will not automatically reload global library macros
2011-07-05 21:39:46,088 - ResourceManager : found classification.question with loader org.apache.velocity.runtime.resource.loader.FileResourceLoader
2011-07-05 21:39:46,102 - Log4JLogChute initialized using file 'velocity.log'
2011-07-05 21:39:46,102 - Starting Apache Velocity v1.5 (compiled: 2007-02-22 08:52:29)
2011-07-05 21:39:46,102 - Default Properties File: org/apache/velocity/runtime/defaults/velocity.properties
2011-07-05 21:39:46,102 - Trying to use logger class org.apache.velocity.runtime.log.AvalonLogChute
2011-07-05 21:39:46,102 - Couldn't find class org.apache.velocity.runtime.log.AvalonLogChute or necessary supporting classes in classpath.
java.lang.NoClassDefFoundError: org/apache/log/format/Formatter
	at java.lang.Class.forName0(Native Method)
	at java.lang.Class.forName(Class.java:264)
	at org.apache.velocity.util.ClassUtils.getClass(ClassUtils.java:63)
	at org.apache.velocity.util.ClassUtils.getNewInstance(ClassUtils.java:95)
	at org.apache.velocity.runtime.log.LogManager.createLogChute(LogManager.java:147)
	at org.apache.velocity.runtime.log.LogManager.updateLog(LogManager.java:208)
	at org.apache.velocity.runtime.RuntimeInstance.initializeLog(RuntimeInstance.java:728)
	at org.apache.velocity.runtime.RuntimeInstance.init(RuntimeInstance.java:240)
	at org.apache.velocity.runtime.RuntimeSingleton.init(RuntimeSingleton.java:113)
	at org.apache.velocity.app.Velocity.init(Velocity.java:83)
	at com.amazonaws.mturk.util.VelocityUtil.doMerge(VelocityUtil.java:34)
	at com.amazonaws.mturk.addon.HITProperties.getMaxAssignments(HITProperties.java:266)
	at com.amazonaws.mturk.cmd.LoadHITs.loadHITs(LoadHITs.java:226)
	at com.amazonaws.mturk.cmd.LoadHITs.runCommand(LoadHITs.java:120)
	at com.amazonaws.mturk.cmd.AbstractCmd.run(AbstractCmd.java:148)
	at com.amazonaws.mturk.cmd.LoadHITs.main(LoadHITs.java:55)
Caused by: java.lang.ClassNotFoundException: org.apache.log.format.Formatter
	at java.net.URLClassLoader$1.run(URLClassLoader.java:217)
	at java.security.AccessController.doPrivileged(Native Method)
	at java.net.URLClassLoader.findClass(URLClassLoader.java:205)
	at java.lang.ClassLoader.loadClass(ClassLoader.java:321)
	at sun.misc.Launcher$AppClassLoader.loadClass(Launcher.java:294)
	at java.lang.ClassLoader.loadClass(ClassLoader.java:266)
	at java.lang.ClassLoader.loadClassInternal(ClassLoader.java:334)
	... 16 more
2011-07-05 21:39:46,104 - Trying to use logger class org.apache.velocity.runtime.log.Log4JLogChute
2011-07-05 21:39:46,104 - Using logger class org.apache.velocity.runtime.log.Log4JLogChute
2011-07-05 21:39:46,104 - Default ResourceManager initializing. (class org.apache.velocity.runtime.resource.ResourceManagerImpl)
2011-07-05 21:39:46,104 - ResourceLoader instantiated: org.apache.velocity.runtime.resource.loader.FileResourceLoader
2011-07-05 21:39:46,104 - Do unicode file recognition:  false
2011-07-05 21:39:46,104 - FileResourceLoader : adding path '.'
2011-07-05 21:39:46,105 - ResourceCache: initialized (class org.apache.velocity.runtime.resource.ResourceCacheImpl)
2011-07-05 21:39:46,106 - Loaded System Directive: org.apache.velocity.runtime.directive.Literal
2011-07-05 21:39:46,106 - Loaded System Directive: org.apache.velocity.runtime.directive.Macro
2011-07-05 21:39:46,106 - Loaded System Directive: org.apache.velocity.runtime.directive.Parse
2011-07-05 21:39:46,106 - Loaded System Directive: org.apache.velocity.runtime.directive.Include
2011-07-05 21:39:46,106 - Loaded System Directive: org.apache.velocity.runtime.directive.Foreach
2011-07-05 21:39:46,108 - Created '20' parsers.
2011-07-05 21:39:46,109 - Velocimacro : "velocimacro.library" is not set.  Trying default library: VM_global_library.vm
2011-07-05 21:39:46,109 - Velocimacro : Default library not found.
2011-07-05 21:39:46,109 - Velocimacro : allowInline = true : VMs can be defined inline in templates
2011-07-05 21:39:46,109 - Velocimacro : allowInlineToOverride = false : VMs defined inline may NOT replace previous VM definitions
2011-07-05 21:39:46,109 - Velocimacro : allowInlineLocal = false : VMs defined inline will be global in scope if allowed.
2011-07-05 21:39:46,109 - Velocimacro : autoload off : VM system will not automatically reload global library macros
04 - Trying to use logger class org.apache.velocity.runtime.log.Log4JLogChute
2011-07-05 21:39:46,104 - Using logger class org.apache.velocity.runtime.log.Log4JLogChute
2011-07-05 21:39:46,104 - Default ResourceManager initializing. (class org.apache.velocity.runtime.resource.ResourceManagerImpl)
2011-07-05 21:39:46,104 - ResourceLoader instantiated: org.apache.velocity.runtime.resource.loader.FileResourceLoader
2011-07-05 21:39:46,104 - Do unicode file recognition:  false
2011-07-05 21:39:46,104 - FileResourceLoader : adding path '.'
2011-07-05 21:39:46,105 - ResourceCache: initialized (class org.apache.velocity.runtime.resource.ResourceCacheImpl)
2011-07-05 21:39:46,106 - Loaded System Directive: org.apache.velocity.runtime.directive.Literal
2011-07-05 21:39:46,106 - Loaded System Directive: org.apache.velocity.runtime.directive.Macro
2011-07-05 21:39:46,106 - Loaded System Directive: org.apache.velocity.runtime.directive.Parse
2011-07-05 21:39:46,106 - Loaded System Directive: org.apache.velocity.runtime.directive.Include
2011-07-05 21:39:46,106 - Loaded System Directive: org.apache.velocity.runtime.directive.Foreach
2011-07-05 21:39:46,108 - Created '20' parsers.
2011-07-05 21:39:46,109 - Velocimacro : "velocimacro.library" is not set.  Trying default library: VM_global_library.vm
2011-07-05 21:39:46,109 - Velocimacro : Default library not found.
2011-07-05 21:39:46,109 - Velocimacro : allowInline = true : VMs can be defined inline in templates
2011-07-05 21:39:46,109 - Velocimacro : allowInlineToOverride = false : VMs defined inline may NOT replace previous VM definitions
2011-07-05 21:39:46,109 - Velocimacro : allowInlineLocal = false : VMs defined inline will be global in scope if allowed.
2011-07-05 21:39:46,109 - Velocimacro : autoload off : VM system will not automatically reload global library macros
2011-07-05 21:39:56,541 - Log4JLogChute initialized using file 'velocity.log'
2011-07-05 21:39:56,542 - Starting Apache Velocity v1.5 (compiled: 2007-02-22 08:52:29)
2011-07-05 21:39:56,542 - Default Properties File: org/apache/velocity/runtime/defaults/velocity.properties
2011-07-05 21:39:56,542 - Trying to use logger class org.apache.velocity.runtime.log.AvalonLogChute
2011-07-05 21:39:56,543 - Couldn't find class org.apache.velocity.runtime.log.AvalonLogChute or necessary supporting classes in classpath.
java.lang.NoClassDefFoundError: org/apache/log/format/Formatter
	at java.lang.Class.forName0(Native Method)
	at java.lang.Class.forName(Class.java:264)
	at org.apache.velocity.util.ClassUtils.getClass(ClassUtils.java:63)
	at org.apache.velocity.util.ClassUtils.getNewInstance(ClassUtils.java:95)
	at org.apache.velocity.runtime.log.LogManager.createLogChute(LogManager.java:147)
	at org.apache.velocity.runtime.log.LogManager.updateLog(LogManager.java:208)
	at org.apache.velocity.runtime.RuntimeInstance.initializeLog(RuntimeInstance.java:728)
	at org.apache.velocity.runtime.RuntimeInstance.init(RuntimeInstance.java:240)
	at org.apache.velocity.runtime.RuntimeInstance.init(RuntimeInstance.java:534)
	at org.apache.velocity.app.VelocityEngine.init(VelocityEngine.java:144)
	at com.amazonaws.mturk.addon.HITQuestion.<init>(HITQuestion.java:68)
	at com.amazonaws.mturk.cmd.LoadHITs.loadHITs(LoadHITs.java:185)
	at com.amazonaws.mturk.cmd.LoadHITs.runCommand(LoadHITs.java:120)
	at com.amazonaws.mturk.cmd.AbstractCmd.run(AbstractCmd.java:148)
	at com.amazonaws.mturk.cmd.LoadHITs.main(LoadHITs.java:55)
Caused by: java.lang.ClassNotFoundException: org.apache.log.format.Formatter
	at java.net.URLClassLoader$1.run(URLClassLoader.java:217)
	at java.security.AccessController.doPrivileged(Native Method)
	at java.net.URLClassLoader.findClass(URLClassLoader.java:205)
	at java.lang.ClassLoader.loadClass(ClassLoader.java:321)
	at sun.misc.Launcher$AppClassLoader.loadClass(Launcher.java:294)
	at java.lang.ClassLoader.loadClass(ClassLoader.java:266)
	at java.lang.ClassLoader.loadClassInternal(ClassLoader.java:334)
	... 15 more
2011-07-05 21:39:56,544 - Trying to use logger class org.apache.velocity.runtime.log.Log4JLogChute
2011-07-05 21:39:56,544 - Using logger class org.apache.velocity.runtime.log.Log4JLogChute
2011-07-05 21:39:56,548 - Default ResourceManager initializing. (class org.apache.velocity.runtime.resource.ResourceManagerImpl)
2011-07-05 21:39:56,553 - ResourceLoader instantiated: org.apache.velocity.runtime.resource.loader.FileResourceLoader
2011-07-05 21:39:56,556 - Do unicode file recognition:  false
2011-07-05 21:39:56,556 - FileResourceLoader : adding path '/afs/athena.mit.edu/user/j/g/jgross/web_scripts/alphabets/results/mturk-results/HITs/classification/large_data_set/first_no_uniuqe_classes_run'
2011-07-05 21:39:56,574 - ResourceCache: initialized (class org.apache.velocity.runtime.resource.ResourceCacheImpl)
2011-07-05 21:39:56,576 - Loaded System Directive: org.apache.velocity.runtime.directive.Literal
2011-07-05 21:39:56,579 - Loaded System Directive: org.apache.velocity.runtime.directive.Macro
2011-07-05 21:39:56,582 - Loaded System Directive: org.apache.velocity.runtime.directive.Parse
2011-07-05 21:39:56,584 - Loaded System Directive: org.apache.velocity.runtime.directive.Include
2011-07-05 21:39:56,586 - Loaded System Directive: org.apache.velocity.runtime.directive.Foreach
2011-07-05 21:39:56,631 - Created '20' parsers.
2011-07-05 21:39:56,647 - Velocimacro : "velocimacro.library" is not set.  Trying default library: VM_global_library.vm
2011-07-05 21:39:56,647 - Velocimacro : Default library not found.
2011-07-05 21:39:56,647 - Velocimacro : allowInline = true : VMs can be defined inline in templates
2011-07-05 21:39:56,647 - Velocimacro : allowInlineToOverride = false : VMs defined inline may NOT replace previous VM definitions
2011-07-05 21:39:56,648 - Velocimacro : allowInlineLocal = false : VMs defined inline will be global in scope if allowed.
2011-07-05 21:39:56,648 - Velocimacro : autoload off : VM system will not automatically reload global library macros
2011-07-05 21:39:56,662 - ResourceManager : found classification.question with loader org.apache.velocity.runtime.resource.loader.FileResourceLoader
2011-07-05 21:39:56,701 - Log4JLogChute initialized using file 'velocity.log'
2011-07-05 21:39:56,701 - Log4JLogChute initialized using file 'velocity.log'
2011-07-05 21:39:56,701 - Starting Apache Velocity v1.5 (compiled: 2007-02-22 08:52:29)
2011-07-05 21:39:56,701 - Starting Apache Velocity v1.5 (compiled: 2007-02-22 08:52:29)
2011-07-05 21:39:56,701 - Default Properties File: org/apache/velocity/runtime/defaults/velocity.properties
2011-07-05 21:39:56,701 - Default Properties File: org/apache/velocity/runtime/defaults/velocity.properties
2011-07-05 21:39:56,701 - Trying to use logger class org.apache.velocity.runtime.log.AvalonLogChute
2011-07-05 21:39:56,701 - Trying to use logger class org.apache.velocity.runtime.log.AvalonLogChute
2011-07-05 21:39:56,701 - Couldn't find class org.apache.velocity.runtime.log.AvalonLogChute or necessary supporting classes in classpath.
java.lang.NoClassDefFoundError: org/apache/log/format/Formatter
	at java.lang.Class.forName0(Native Method)
	at java.lang.Class.forName(Class.java:264)
	at org.apache.velocity.util.ClassUtils.getClass(ClassUtils.java:63)
	at org.apache.velocity.util.ClassUtils.getNewInstance(ClassUtils.java:95)
	at org.apache.velocity.runtime.log.LogManager.createLogChute(LogManager.java:147)
	at org.apache.velocity.runtime.log.LogManager.updateLog(LogManager.java:208)
	at org.apache.velocity.runtime.RuntimeInstance.initializeLog(RuntimeInstance.java:728)
	at org.apache.velocity.runtime.RuntimeInstance.init(RuntimeInstance.java:240)
	at org.apache.velocity.runtime.RuntimeSingleton.init(RuntimeSingleton.java:113)
	at org.apache.velocity.app.Velocity.init(Velocity.java:83)
	at com.amazonaws.mturk.util.VelocityUtil.doMerge(VelocityUtil.java:34)
	at com.amazonaws.mturk.addon.HITProperties.getMaxAssignments(HITProperties.java:266)
	at com.amazonaws.mturk.cmd.LoadHITs.loadHITs(LoadHITs.java:226)
	at com.amazonaws.mturk.cmd.LoadHITs.runCommand(LoadHITs.java:120)
	at com.amazonaws.mturk.cmd.AbstractCmd.run(AbstractCmd.java:148)
	at com.amazonaws.mturk.cmd.LoadHITs.main(LoadHITs.java:55)
Caused by: java.lang.ClassNotFoundException: org.apache.log.format.Formatter
	at java.net.URLClassLoader$1.run(URLClassLoader.java:217)
	at java.security.AccessController.doPrivileged(Native Method)
	at java.net.URLClassLoader.findClass(URLClassLoader.java:205)
	at java.lang.ClassLoader.loadClass(ClassLoader.java:321)
	at sun.misc.Launcher$AppClassLoader.loadClass(Launcher.java:294)
	at java.lang.ClassLoader.loadClass(ClassLoader.java:266)
	at java.lang.ClassLoader.loadClassInternal(ClassLoader.java:334)
	... 16 more
2011-07-05 21:39:56,701 - Couldn't find class org.apache.velocity.runtime.log.AvalonLogChute or necessary supporting classes in classpath.
java.lang.NoClassDefFoundError: org/apache/log/format/Formatter
	at java.lang.Class.forName0(Native Method)
	at java.lang.Class.forName(Class.java:264)
	at org.apache.velocity.util.ClassUtils.getClass(ClassUtils.java:63)
	at org.apache.velocity.util.ClassUtils.getNewInstance(ClassUtils.java:95)
	at org.apache.velocity.runtime.log.LogManager.createLogChute(LogManager.java:147)
	at org.apache.velocity.runtime.log.LogManager.updateLog(LogManager.java:208)
	at org.apache.velocity.runtime.RuntimeInstance.initializeLog(RuntimeInstance.java:728)
	at org.apache.velocity.runtime.RuntimeInstance.init(RuntimeInstance.java:240)
	at org.apache.velocity.runtime.RuntimeSingleton.init(RuntimeSingleton.java:113)
	at org.apache.velocity.app.Velocity.init(Velocity.java:83)
	at com.amazonaws.mturk.util.VelocityUtil.doMerge(VelocityUtil.java:34)
	at com.amazonaws.mturk.addon.HITProperties.getMaxAssignments(HITProperties.java:266)
	at com.amazonaws.mturk.cmd.LoadHITs.loadHITs(LoadHITs.java:226)
	at com.amazonaws.mturk.cmd.LoadHITs.runCommand(LoadHITs.java:120)
	at com.amazonaws.mturk.cmd.AbstractCmd.run(AbstractCmd.java:148)
	at com.amazonaws.mturk.cmd.LoadHITs.main(LoadHITs.java:55)
Caused by: java.lang.ClassNotFoundException: org.apache.log.format.Formatter
	at java.net.URLClassLoader$1.run(URLClassLoader.java:217)
	at java.security.AccessController.doPrivileged(Native Method)
	at java.net.URLClassLoader.findClass(URLClassLoader.java:205)
	at java.lang.ClassLoader.loadClass(ClassLoader.java:321)
	at sun.misc.Launcher$AppClassLoader.loadClass(Launcher.java:294)
	at java.lang.ClassLoader.loadClass(ClassLoader.java:266)
	at java.lang.ClassLoader.loadClassInternal(ClassLoader.java:334)
	... 16 more
2011-07-05 21:39:56,702 - Trying to use logger class org.apache.velocity.runtime.log.Log4JLogChute
2011-07-05 21:39:56,702 - Trying to use logger class org.apache.velocity.runtime.log.Log4JLogChute
2011-07-05 21:39:56,702 - Using logger class org.apache.velocity.runtime.log.Log4JLogChute
2011-07-05 21:39:56,702 - Using logger class org.apache.velocity.runtime.log.Log4JLogChute
2011-07-05 21:39:56,702 - Default ResourceManager initializing. (class org.apache.velocity.runtime.resource.ResourceManagerImpl)
2011-07-05 21:39:56,702 - Default ResourceManager initializing. (class org.apache.velocity.runtime.resource.ResourceManagerImpl)
2011-07-05 21:39:56,702 - ResourceLoader instantiated: org.apache.velocity.runtime.resource.loader.FileResourceLoader
2011-07-05 21:39:56,702 - ResourceLoader instantiated: org.apache.velocity.runtime.resource.loader.FileResourceLoader
2011-07-05 21:39:56,703 - Do unicode file recognition:  false
2011-07-05 21:39:56,703 - Do unicode file recognition:  false
2011-07-05 21:39:56,703 - FileResourceLoader : adding path '.'
2011-07-05 21:39:56,703 - FileResourceLoader : adding path '.'
2011-07-05 21:39:56,703 - ResourceCache: initialized (class org.apache.velocity.runtime.resource.ResourceCacheImpl)
2011-07-05 21:39:56,703 - ResourceCache: initialized (class org.apache.velocity.runtime.resource.ResourceCacheImpl)
2011-07-05 21:39:56,704 - Loaded System Directive: org.apache.velocity.runtime.directive.Literal
2011-07-05 21:39:56,704 - Loaded System Directive: org.apache.velocity.runtime.directive.Literal
2011-07-05 21:39:56,704 - Loaded System Directive: org.apache.velocity.runtime.directive.Macro
2011-07-05 21:39:56,704 - Loaded System Directive: org.apache.velocity.runtime.directive.Macro
2011-07-05 21:39:56,704 - Loaded System Directive: org.apache.velocity.runtime.directive.Parse
2011-07-05 21:39:56,704 - Loaded System Directive: org.apache.velocity.runtime.directive.Parse
2011-07-05 21:39:56,704 - Loaded System Directive: org.apache.velocity.runtime.directive.Include
2011-07-05 21:39:56,704 - Loaded System Directive: org.apache.velocity.runtime.directive.Include
2011-07-05 21:39:56,704 - Loaded System Directive: org.apache.velocity.runtime.directive.Foreach
2011-07-05 21:39:56,704 - Loaded System Directive: org.apache.velocity.runtime.directive.Foreach
2011-07-05 21:39:56,709 - Created '20' parsers.
2011-07-05 21:39:56,709 - Created '20' parsers.
2011-07-05 21:39:56,709 - Velocimacro : "velocimacro.library" is not set.  Trying default library: VM_global_library.vm
2011-07-05 21:39:56,709 - Velocimacro : "velocimacro.library" is not set.  Trying default library: VM_global_library.vm
2011-07-05 21:39:56,709 - Velocimacro : Default library not found.
2011-07-05 21:39:56,709 - Velocimacro : Default library not found.
2011-07-05 21:39:56,709 - Velocimacro : allowInline = true : VMs can be defined inline in templates
2011-07-05 21:39:56,709 - Velocimacro : allowInline = true : VMs can be defined inline in templates
2011-07-05 21:39:56,709 - Velocimacro : allowInlineToOverride = false : VMs defined inline may NOT replace previous VM definitions
2011-07-05 21:39:56,709 - Velocimacro : allowInlineToOverride = false : VMs defined inline may NOT replace previous VM definitions
2011-07-05 21:39:56,709 - Velocimacro : allowInlineLocal = false : VMs defined inline will be global in scope if allowed.
2011-07-05 21:39:56,709 - Velocimacro : allowInlineLocal = false : VMs defined inline will be global in scope if allowed.
2011-07-05 21:39:56,709 - Velocimacro : autoload off : VM system will not automatically reload global library macros
2011-07-05 21:39:56,709 - Velocimacro : autoload off : VM system will not automatically reload global library macros
2011-07-05 21:40:03,969 - Log4JLogChute initialized using file 'velocity.log'
2011-07-05 21:40:03,970 - Starting Apache Velocity v1.5 (compiled: 2007-02-22 08:52:29)
2011-07-05 21:40:03,970 - Default Properties File: org/apache/velocity/runtime/defaults/velocity.properties
2011-07-05 21:40:03,970 - Trying to use logger class org.apache.velocity.runtime.log.AvalonLogChute
2011-07-05 21:40:03,971 - Couldn't find class org.apache.velocity.runtime.log.AvalonLogChute or necessary supporting classes in classpath.
java.lang.NoClassDefFoundError: org/apache/log/format/Formatter
	at java.lang.Class.forName0(Native Method)
	at java.lang.Class.forName(Class.java:264)
	at org.apache.velocity.util.ClassUtils.getClass(ClassUtils.java:63)
	at org.apache.velocity.util.ClassUtils.getNewInstance(ClassUtils.java:95)
	at org.apache.velocity.runtime.log.LogManager.createLogChute(LogManager.java:147)
	at org.apache.velocity.runtime.log.LogManager.updateLog(LogManager.java:208)
	at org.apache.velocity.runtime.RuntimeInstance.initializeLog(RuntimeInstance.java:728)
	at org.apache.velocity.runtime.RuntimeInstance.init(RuntimeInstance.java:240)
	at org.apache.velocity.runtime.RuntimeInstance.init(RuntimeInstance.java:534)
	at org.apache.velocity.app.VelocityEngine.init(VelocityEngine.java:144)
	at com.amazonaws.mturk.addon.HITQuestion.<init>(HITQuestion.java:68)
	at com.amazonaws.mturk.cmd.LoadHITs.loadHITs(LoadHITs.java:185)
	at com.amazonaws.mturk.cmd.LoadHITs.runCommand(LoadHITs.java:120)
	at com.amazonaws.mturk.cmd.AbstractCmd.run(AbstractCmd.java:148)
	at com.amazonaws.mturk.cmd.LoadHITs.main(LoadHITs.java:55)
Caused by: java.lang.ClassNotFoundException: org.apache.log.format.Formatter
	at java.net.URLClassLoader$1.run(URLClassLoader.java:217)
	at java.security.AccessController.doPrivileged(Native Method)
	at java.net.URLClassLoader.findClass(URLClassLoader.java:205)
	at java.lang.ClassLoader.loadClass(ClassLoader.java:321)
	at sun.misc.Launcher$AppClassLoader.loadClass(Launcher.java:294)
	at java.lang.ClassLoader.loadClass(ClassLoader.java:266)
	at java.lang.ClassLoader.loadClassInternal(ClassLoader.java:334)
	... 15 more
2011-07-05 21:40:03,973 - Trying to use logger class org.apache.velocity.runtime.log.Log4JLogChute
2011-07-05 21:40:03,973 - Using logger class org.apache.velocity.runtime.log.Log4JLogChute
2011-07-05 21:40:03,978 - Default ResourceManager initializing. (class org.apache.velocity.runtime.resource.ResourceManagerImpl)
2011-07-05 21:40:03,984 - ResourceLoader instantiated: org.apache.velocity.runtime.resource.loader.FileResourceLoader
2011-07-05 21:40:03,986 - Do unicode file recognition:  false
2011-07-05 21:40:03,986 - FileResourceLoader : adding path '/afs/athena.mit.edu/user/j/g/jgross/web_scripts/alphabets/results/mturk-results/HITs/classification/large_data_set/first_no_uniuqe_classes_run'
2011-07-05 21:40:04,007 - ResourceCache: initialized (class org.apache.velocity.runtime.resource.ResourceCacheImpl)
2011-07-05 21:40:04,011 - Loaded System Directive: org.apache.velocity.runtime.directive.Literal
2011-07-05 21:40:04,014 - Loaded System Directive: org.apache.velocity.runtime.directive.Macro
2011-07-05 21:40:04,017 - Loaded System Directive: org.apache.velocity.runtime.directive.Parse
2011-07-05 21:40:04,020 - Loaded System Directive: org.apache.velocity.runtime.directive.Include
2011-07-05 21:40:04,021 - Loaded System Directive: org.apache.velocity.runtime.directive.Foreach
2011-07-05 21:40:04,081 - Created '20' parsers.
2011-07-05 21:40:04,097 - Velocimacro : "velocimacro.library" is not set.  Trying default library: VM_global_library.vm
2011-07-05 21:40:04,098 - Velocimacro : Default library not found.
2011-07-05 21:40:04,098 - Velocimacro : allowInline = true : VMs can be defined inline in templates
2011-07-05 21:40:04,098 - Velocimacro : allowInlineToOverride = false : VMs defined inline may NOT replace previous VM definitions
2011-07-05 21:40:04,098 - Velocimacro : allowInlineLocal = false : VMs defined inline will be global in scope if allowed.
2011-07-05 21:40:04,098 - Velocimacro : autoload off : VM system will not automatically reload global library macros
2011-07-05 21:40:04,113 - ResourceManager : found classification.question with loader org.apache.velocity.runtime.resource.loader.FileResourceLoader
2011-07-05 21:40:04,141 - Log4JLogChute initialized using file 'velocity.log'
2011-07-05 21:40:04,141 - Log4JLogChute initialized using file 'velocity.log'
2011-07-05 21:40:04,141 - Starting Apache Velocity v1.5 (compiled: 2007-02-22 08:52:29)
2011-07-05 21:40:04,141 - Starting Apache Velocity v1.5 (compiled: 2007-02-22 08:52:29)
2011-07-05 21:40:04,141 - Default Properties File: org/apache/velocity/runtime/defaults/velocity.properties
2011-07-05 21:40:04,141 - Default Properties File: org/apache/velocity/runtime/defaults/velocity.properties
2011-07-05 21:40:04,141 - Trying to use logger class org.apache.velocity.runtime.log.AvalonLogChute
2011-07-05 21:40:04,141 - Trying to use logger class org.apache.velocity.runtime.log.AvalonLogChute
2011-07-05 21:40:04,141 - Couldn't find class org.apache.velocity.runtime.log.AvalonLogChute or necessary supporting classes in classpath.
java.lang.NoClassDefFoundError: org/apache/log/format/Formatter
	at java.lang.Class.forName0(Native Method)
	at java.lang.Class.forName(Class.java:264)
	at org.apache.velocity.util.ClassUtils.getClass(ClassUtils.java:63)
	at org.apache.velocity.util.ClassUtils.getNewInstance(ClassUtils.java:95)
	at org.apache.velocity.runtime.log.LogManager.createLogChute(LogManager.java:147)
	at org.apache.velocity.runtime.log.LogManager.updateLog(LogManager.java:208)
	at org.apache.velocity.runtime.RuntimeInstance.initializeLog(RuntimeInstance.java:728)
	at org.apache.velocity.runtime.RuntimeInstance.init(RuntimeInstance.java:240)
	at org.apache.velocity.runtime.RuntimeSingleton.init(RuntimeSingleton.java:113)
	at org.apache.velocity.app.Velocity.init(Velocity.java:83)
	at com.amazonaws.mturk.util.VelocityUtil.doMerge(VelocityUtil.java:34)
	at com.amazonaws.mturk.addon.HITProperties.getMaxAssignments(HITProperties.java:266)
	at com.amazonaws.mturk.cmd.LoadHITs.loadHITs(LoadHITs.java:226)
	at com.amazonaws.mturk.cmd.LoadHITs.runCommand(LoadHITs.java:120)
	at com.amazonaws.mturk.cmd.AbstractCmd.run(AbstractCmd.java:148)
	at com.amazonaws.mturk.cmd.LoadHITs.main(LoadHITs.java:55)
Caused by: java.lang.ClassNotFoundException: org.apache.log.format.Formatter
	at java.net.URLClassLoader$1.run(URLClassLoader.java:217)
	at java.security.AccessController.doPrivileged(Native Method)
	at java.net.URLClassLoader.findClass(URLClassLoader.java:205)
	at java.lang.ClassLoader.loadClass(ClassLoader.java:321)
	at sun.misc.Launcher$AppClassLoader.loadClass(Launcher.java:294)
	at java.lang.ClassLoader.loadClass(ClassLoader.java:266)
	at java.lang.ClassLoader.loadClassInternal(ClassLoader.java:334)
	... 16 more
2011-07-05 21:40:04,141 - Couldn't find class org.apache.velocity.runtime.log.AvalonLogChute or necessary supporting classes in classpath.
java.lang.NoClassDefFoundError: org/apache/log/format/Formatter
	at java.lang.Class.forName0(Native Method)
	at java.lang.Class.forName(Class.java:264)
	at org.apache.velocity.util.ClassUtils.getClass(ClassUtils.java:63)
	at org.apache.velocity.util.ClassUtils.getNewInstance(ClassUtils.java:95)
	at org.apache.velocity.runtime.log.LogManager.createLogChute(LogManager.java:147)
	at org.apache.velocity.runtime.log.LogManager.updateLog(LogManager.java:208)
	at org.apache.velocity.runtime.RuntimeInstance.initializeLog(RuntimeInstance.java:728)
	at org.apache.velocity.runtime.RuntimeInstance.init(RuntimeInstance.java:240)
	at org.apache.velocity.runtime.RuntimeSingleton.init(RuntimeSingleton.java:113)
	at org.apache.velocity.app.Velocity.init(Velocity.java:83)
	at com.amazonaws.mturk.util.VelocityUtil.doMerge(VelocityUtil.java:34)
	at com.amazonaws.mturk.addon.HITProperties.getMaxAssignments(HITProperties.java:266)
	at com.amazonaws.mturk.cmd.LoadHITs.loadHITs(LoadHITs.java:226)
	at com.amazonaws.mturk.cmd.LoadHITs.runCommand(LoadHITs.java:120)
	at com.amazonaws.mturk.cmd.AbstractCmd.run(AbstractCmd.java:148)
	at com.amazonaws.mturk.cmd.LoadHITs.main(LoadHITs.java:55)
Caused by: java.lang.ClassNotFoundException: org.apache.log.format.Formatter
	at java.net.URLClassLoader$1.run(URLClassLoader.java:217)
	at java.security.AccessController.doPrivileged(Native Method)
	at java.net.URLClassLoader.findClass(URLClassLoader.java:205)
	at java.lang.ClassLoader.loadClass(ClassLoader.java:321)
	at sun.misc.Launcher$AppClassLoader.loadClass(Launcher.java:294)
	at java.lang.ClassLoader.loadClass(ClassLoader.java:266)
	at java.lang.ClassLoader.loadClassInternal(ClassLoader.java:334)
	... 16 more
2011-07-05 21:40:04,142 - Trying to use logger class org.apache.velocity.runtime.log.Log4JLogChute
2011-07-05 21:40:04,142 - Trying to use logger class org.apache.velocity.runtime.log.Log4JLogChute
2011-07-05 21:40:04,142 - Using logger class org.apache.velocity.runtime.log.Log4JLogChute
2011-07-05 21:40:04,142 - Using logger class org.apache.velocity.runtime.log.Log4JLogChute
2011-07-05 21:40:04,142 - Default ResourceManager initializing. (class org.apache.velocity.runtime.resource.ResourceManagerImpl)
2011-07-05 21:40:04,142 - Default ResourceManager initializing. (class org.apache.velocity.runtime.resource.ResourceManagerImpl)
2011-07-05 21:40:04,143 - ResourceLoader instantiated: org.apache.velocity.runtime.resource.loader.FileResourceLoader
2011-07-05 21:40:04,143 - ResourceLoader instantiated: org.apache.velocity.runtime.resource.loader.FileResourceLoader
2011-07-05 21:40:04,143 - Do unicode file recognition:  false
2011-07-05 21:40:04,143 - Do unicode file recognition:  false
2011-07-05 21:40:04,143 - FileResourceLoader : adding path '.'
2011-07-05 21:40:04,143 - FileResourceLoader : adding path '.'
2011-07-05 21:40:04,143 - ResourceCache: initialized (class org.apache.velocity.runtime.resource.ResourceCacheImpl)
2011-07-05 21:40:04,143 - ResourceCache: initialized (class org.apache.velocity.runtime.resource.ResourceCacheImpl)
2011-07-05 21:40:04,144 - Loaded System Directive: org.apache.velocity.runtime.directive.Literal
2011-07-05 21:40:04,144 - Loaded System Directive: org.apache.velocity.runtime.directive.Literal
2011-07-05 21:40:04,144 - Loaded System Directive: org.apache.velocity.runtime.directive.Macro
2011-07-05 21:40:04,144 - Loaded System Directive: org.apache.velocity.runtime.directive.Macro
2011-07-05 21:40:04,144 - Loaded System Directive: org.apache.velocity.runtime.directive.Parse
2011-07-05 21:40:04,144 - Loaded System Directive: org.apache.velocity.runtime.directive.Parse
2011-07-05 21:40:04,144 - Loaded System Directive: org.apache.velocity.runtime.directive.Include
2011-07-05 21:40:04,144 - Loaded System Directive: org.apache.velocity.runtime.directive.Include
2011-07-05 21:40:04,144 - Loaded System Directive: org.apache.velocity.runtime.directive.Foreach
2011-07-05 21:40:04,144 - Loaded System Directive: org.apache.velocity.runtime.directive.Foreach
2011-07-05 21:40:04,147 - Created '20' parsers.
2011-07-05 21:40:04,147 - Created '20' parsers.
2011-07-05 21:40:04,147 - Velocimacro : "velocimacro.library" is not set.  Trying default library: VM_global_library.vm
2011-07-05 21:40:04,147 - Velocimacro : "velocimacro.library" is not set.  Trying default library: VM_global_library.vm
2011-07-05 21:40:04,147 - Velocimacro : Default library not found.
2011-07-05 21:40:04,147 - Velocimacro : Default library not found.
2011-07-05 21:40:04,147 - Velocimacro : allowInline = true : VMs can be defined inline in templates
2011-07-05 21:40:04,147 - Velocimacro : allowInline = true : VMs can be defined inline in templates
2011-07-05 21:40:04,147 - Velocimacro : allowInlineToOverride = false : VMs defined inline may NOT replace previous VM definitions
2011-07-05 21:40:04,147 - Velocimacro : allowInlineToOverride = false : VMs defined inline may NOT replace previous VM definitions
2011-07-05 21:40:04,147 - Velocimacro : allowInlineLocal = false : VMs defined inline will be global in scope if allowed.
2011-07-05 21:40:04,147 - Velocimacro : allowInlineLocal = false : VMs defined inline will be global in scope if allowed.
2011-07-05 21:40:04,147 - Velocimacro : autoload off : VM system will not automatically reload global library macros
2011-07-05 21:40:04,147 - Velocimacro : autoload off : VM system will not automatically reload global library macros
2011-07-05 21:41:59,738 - Log4JLogChute initialized using file 'velocity.log'
2011-07-05 21:41:59,739 - Starting Apache Velocity v1.5 (compiled: 2007-02-22 08:52:29)
2011-07-05 21:41:59,739 - Default Properties File: org/apache/velocity/runtime/defaults/velocity.properties
2011-07-05 21:41:59,739 - Trying to use logger class org.apache.velocity.runtime.log.AvalonLogChute
2011-07-05 21:41:59,740 - Couldn't find class org.apache.velocity.runtime.log.AvalonLogChute or necessary supporting classes in classpath.
java.lang.NoClassDefFoundError: org/apache/log/format/Formatter
	at java.lang.Class.forName0(Native Method)
	at java.lang.Class.forName(Class.java:264)
	at org.apache.velocity.util.ClassUtils.getClass(ClassUtils.java:63)
	at org.apache.velocity.util.ClassUtils.getNewInstance(ClassUtils.java:95)
	at org.apache.velocity.runtime.log.LogManager.createLogChute(LogManager.java:147)
	at org.apache.velocity.runtime.log.LogManager.updateLog(LogManager.java:208)
	at org.apache.velocity.runtime.RuntimeInstance.initializeLog(RuntimeInstance.java:728)
	at org.apache.velocity.runtime.RuntimeInstance.init(RuntimeInstance.java:240)
	at org.apache.velocity.runtime.RuntimeInstance.init(RuntimeInstance.java:534)
	at org.apache.velocity.app.VelocityEngine.init(VelocityEngine.java:144)
	at com.amazonaws.mturk.addon.HITQuestion.<init>(HITQuestion.java:68)
	at com.amazonaws.mturk.cmd.LoadHITs.loadHITs(LoadHITs.java:185)
	at com.amazonaws.mturk.cmd.LoadHITs.runCommand(LoadHITs.java:120)
	at com.amazonaws.mturk.cmd.AbstractCmd.run(AbstractCmd.java:148)
	at com.amazonaws.mturk.cmd.LoadHITs.main(LoadHITs.java:55)
Caused by: java.lang.ClassNotFoundException: org.apache.log.format.Formatter
	at java.net.URLClassLoader$1.run(URLClassLoader.java:217)
	at java.security.AccessController.doPrivileged(Native Method)
	at java.net.URLClassLoader.findClass(URLClassLoader.java:205)
	at java.lang.ClassLoader.loadClass(ClassLoader.java:321)
	at sun.misc.Launcher$AppClassLoader.loadClass(Launcher.java:294)
	at java.lang.ClassLoader.loadClass(ClassLoader.java:266)
	at java.lang.ClassLoader.loadClassInternal(ClassLoader.java:334)
	... 15 more
2011-07-05 21:41:59,742 - Trying to use logger class org.apache.velocity.runtime.log.Log4JLogChute
2011-07-05 21:41:59,742 - Using logger class org.apache.velocity.runtime.log.Log4JLogChute
2011-07-05 21:41:59,746 - Default ResourceManager initializing. (class org.apache.velocity.runtime.resource.ResourceManagerImpl)
2011-07-05 21:41:59,752 - ResourceLoader instantiated: org.apache.velocity.runtime.resource.loader.FileResourceLoader
2011-07-05 21:41:59,754 - Do unicode file recognition:  false
2011-07-05 21:41:59,754 - FileResourceLoader : adding path '/afs/athena.mit.edu/user/j/g/jgross/web_scripts/alphabets/results/mturk-results/HITs/classification/large_data_set/first_no_uniuqe_classes_run'
2011-07-05 21:41:59,775 - ResourceCache: initialized (class org.apache.velocity.runtime.resource.ResourceCacheImpl)
2011-07-05 21:41:59,777 - Loaded System Directive: org.apache.velocity.runtime.directive.Literal
2011-07-05 21:41:59,780 - Loaded System Directive: org.apache.velocity.runtime.directive.Macro
2011-07-05 21:41:59,783 - Loaded System Directive: org.apache.velocity.runtime.directive.Parse
2011-07-05 21:41:59,785 - Loaded System Directive: org.apache.velocity.runtime.directive.Include
2011-07-05 21:41:59,787 - Loaded System Directive: org.apache.velocity.runtime.directive.Foreach
2011-07-05 21:41:59,837 - Created '20' parsers.
2011-07-05 21:41:59,852 - Velocimacro : "velocimacro.library" is not set.  Trying default library: VM_global_library.vm
2011-07-05 21:41:59,852 - Velocimacro : Default library not found.
2011-07-05 21:41:59,852 - Velocimacro : allowInline = true : VMs can be defined inline in templates
2011-07-05 21:41:59,852 - Velocimacro : allowInlineToOverride = false : VMs defined inline may NOT replace previous VM definitions
2011-07-05 21:41:59,852 - Velocimacro : allowInlineLocal = false : VMs defined inline will be global in scope if allowed.
2011-07-05 21:41:59,853 - Velocimacro : autoload off : VM system will not automatically reload global library macros
2011-07-05 21:41:59,887 - ResourceManager : found classification.question with loader org.apache.velocity.runtime.resource.loader.FileResourceLoader
2011-07-05 21:41:59,901 - Log4JLogChute initialized using file 'velocity.log'
2011-07-05 21:41:59,901 - Log4JLogChute initialized using file 'velocity.log'
2011-07-05 21:41:59,901 - Starting Apache Velocity v1.5 (compiled: 2007-02-22 08:52:29)
2011-07-05 21:41:59,901 - Starting Apache Velocity v1.5 (compiled: 2007-02-22 08:52:29)
2011-07-05 21:41:59,901 - Default Properties File: org/apache/velocity/runtime/defaults/velocity.properties
2011-07-05 21:41:59,901 - Default Properties File: org/apache/velocity/runtime/defaults/velocity.properties
2011-07-05 21:41:59,901 - Trying to use logger class org.apache.velocity.runtime.log.AvalonLogChute
2011-07-05 21:41:59,901 - Trying to use logger class org.apache.velocity.runtime.log.AvalonLogChute
2011-07-05 21:41:59,901 - Couldn't find class org.apache.velocity.runtime.log.AvalonLogChute or necessary supporting classes in classpath.
java.lang.NoClassDefFoundError: org/apache/log/format/Formatter
	at java.lang.Class.forName0(Native Method)
	at java.lang.Class.forName(Class.java:264)
	at org.apache.velocity.util.ClassUtils.getClass(ClassUtils.java:63)
	at org.apache.velocity.util.ClassUtils.getNewInstance(ClassUtils.java:95)
	at org.apache.velocity.runtime.log.LogManager.createLogChute(LogManager.java:147)
	at org.apache.velocity.runtime.log.LogManager.updateLog(LogManager.java:208)
	at org.apache.velocity.runtime.RuntimeInstance.initializeLog(RuntimeInstance.java:728)
	at org.apache.velocity.runtime.RuntimeInstance.init(RuntimeInstance.java:240)
	at org.apache.velocity.runtime.RuntimeSingleton.init(RuntimeSingleton.java:113)
	at org.apache.velocity.app.Velocity.init(Velocity.java:83)
	at com.amazonaws.mturk.util.VelocityUtil.doMerge(VelocityUtil.java:34)
	at com.amazonaws.mturk.addon.HITProperties.getMaxAssignments(HITProperties.java:266)
	at com.amazonaws.mturk.cmd.LoadHITs.loadHITs(LoadHITs.java:226)
	at com.amazonaws.mturk.cmd.LoadHITs.runCommand(LoadHITs.java:120)
	at com.amazonaws.mturk.cmd.AbstractCmd.run(AbstractCmd.java:148)
	at com.amazonaws.mturk.cmd.LoadHITs.main(LoadHITs.java:55)
Caused by: java.lang.ClassNotFoundException: org.apache.log.format.Formatter
	at java.net.URLClassLoader$1.run(URLClassLoader.java:217)
	at java.security.AccessController.doPrivileged(Native Method)
	at java.net.URLClassLoader.findClass(URLClassLoader.java:205)
	at java.lang.ClassLoader.loadClass(ClassLoader.java:321)
	at sun.misc.Launcher$AppClassLoader.loadClass(Launcher.java:294)
	at java.lang.ClassLoader.loadClass(ClassLoader.java:266)
	at java.lang.ClassLoader.loadClassInternal(ClassLoader.java:334)
	... 16 more
2011-07-05 21:41:59,901 - Couldn't find class org.apache.velocity.runtime.log.AvalonLogChute or necessary supporting classes in classpath.
java.lang.NoClassDefFoundError: org/apache/log/format/Formatter
	at java.lang.Class.forName0(Native Method)
	at java.lang.Class.forName(Class.java:264)
	at org.apache.velocity.util.ClassUtils.getClass(ClassUtils.java:63)
	at org.apache.velocity.util.ClassUtils.getNewInstance(ClassUtils.java:95)
	at org.apache.velocity.runtime.log.LogManager.createLogChute(LogManager.java:147)
	at org.apache.velocity.runtime.log.LogManager.updateLog(LogManager.java:208)
	at org.apache.velocity.runtime.RuntimeInstance.initializeLog(RuntimeInstance.java:728)
	at org.apache.velocity.runtime.RuntimeInstance.init(RuntimeInstance.java:240)
	at org.apache.velocity.runtime.RuntimeSingleton.init(RuntimeSingleton.java:113)
	at org.apache.velocity.app.Velocity.init(Velocity.java:83)
	at com.amazonaws.mturk.util.VelocityUtil.doMerge(VelocityUtil.java:34)
	at com.amazonaws.mturk.addon.HITProperties.getMaxAssignments(HITProperties.java:266)
	at com.amazonaws.mturk.cmd.LoadHITs.loadHITs(LoadHITs.java:226)
	at com.amazonaws.mturk.cmd.LoadHITs.runCommand(LoadHITs.java:120)
	at com.amazonaws.mturk.cmd.AbstractCmd.run(AbstractCmd.java:148)
	at com.amazonaws.mturk.cmd.LoadHITs.main(LoadHITs.java:55)
Caused by: java.lang.ClassNotFoundException: org.apache.log.format.Formatter
	at java.net.URLClassLoader$1.run(URLClassLoader.java:217)
	at java.security.AccessController.doPrivileged(Native Method)
	at java.net.URLClassLoader.findClass(URLClassLoader.java:205)
	at java.lang.ClassLoader.loadClass(ClassLoader.java:321)
	at sun.misc.Launcher$AppClassLoader.loadClass(Launcher.java:294)
	at java.lang.ClassLoader.loadClass(ClassLoader.java:266)
	at java.lang.ClassLoader.loadClassInternal(ClassLoader.java:334)
	... 16 more
2011-07-05 21:41:59,902 - Trying to use logger class org.apache.velocity.runtime.log.Log4JLogChute
2011-07-05 21:41:59,902 - Trying to use logger class org.apache.velocity.runtime.log.Log4JLogChute
2011-07-05 21:41:59,902 - Using logger class org.apache.velocity.runtime.log.Log4JLogChute
2011-07-05 21:41:59,902 - Using logger class org.apache.velocity.runtime.log.Log4JLogChute
2011-07-05 21:41:59,903 - Default ResourceManager initializing. (class org.apache.velocity.runtime.resource.ResourceManagerImpl)
2011-07-05 21:41:59,903 - Default ResourceManager initializing. (class org.apache.velocity.runtime.resource.ResourceManagerImpl)
2011-07-05 21:41:59,903 - ResourceLoader instantiated: org.apache.velocity.runtime.resource.loader.FileResourceLoader
2011-07-05 21:41:59,903 - ResourceLoader instantiated: org.apache.velocity.runtime.resource.loader.FileResourceLoader
2011-07-05 21:41:59,903 - Do unicode file recognition:  false
2011-07-05 21:41:59,903 - Do unicode file recognition:  false
2011-07-05 21:41:59,903 - FileResourceLoader : adding path '.'
2011-07-05 21:41:59,903 - FileResourceLoader : adding path '.'
2011-07-05 21:41:59,903 - ResourceCache: initialized (class org.apache.velocity.runtime.resource.ResourceCacheImpl)
2011-07-05 21:41:59,903 - ResourceCache: initialized (class org.apache.velocity.runtime.resource.ResourceCacheImpl)
2011-07-05 21:41:59,904 - Loaded System Directive: org.apache.velocity.runtime.directive.Literal
2011-07-05 21:41:59,904 - Loaded System Directive: org.apache.velocity.runtime.directive.Literal
2011-07-05 21:41:59,904 - Loaded System Directive: org.apache.velocity.runtime.directive.Macro
2011-07-05 21:41:59,904 - Loaded System Directive: org.apache.velocity.runtime.directive.Macro
2011-07-05 21:41:59,904 - Loaded System Directive: org.apache.velocity.runtime.directive.Parse
2011-07-05 21:41:59,904 - Loaded System Directive: org.apache.velocity.runtime.directive.Parse
2011-07-05 21:41:59,904 - Loaded System Directive: org.apache.velocity.runtime.directive.Include
2011-07-05 21:41:59,904 - Loaded System Directive: org.apache.velocity.runtime.directive.Include
2011-07-05 21:41:59,904 - Loaded System Directive: org.apache.velocity.runtime.directive.Foreach
2011-07-05 21:41:59,904 - Loaded System Directive: org.apache.velocity.runtime.directive.Foreach
2011-07-05 21:41:59,907 - Created '20' parsers.
2011-07-05 21:41:59,907 - Created '20' parsers.
2011-07-05 21:41:59,907 - Velocimacro : "velocimacro.library" is not set.  Trying default library: VM_global_library.vm
2011-07-05 21:41:59,907 - Velocimacro : "velocimacro.library" is not set.  Trying default library: VM_global_library.vm
2011-07-05 21:41:59,907 - Velocimacro : Default library not found.
2011-07-05 21:41:59,907 - Velocimacro : Default library not found.
2011-07-05 21:41:59,907 - Velocimacro : allowInline = true : VMs can be defined inline in templates
2011-07-05 21:41:59,907 - Velocimacro : allowInline = true : VMs can be defined inline in templates
2011-07-05 21:41:59,907 - Velocimacro : allowInlineToOverride = false : VMs defined inline may NOT replace previous VM definitions
2011-07-05 21:41:59,907 - Velocimacro : allowInlineToOverride = false : VMs defined inline may NOT replace previous VM definitions
2011-07-05 21:41:59,908 - Velocimacro : allowInlineLocal = false : VMs defined inline will be global in scope if allowed.
2011-07-05 21:41:59,908 - Velocimacro : allowInlineLocal = false : VMs defined inline will be global in scope if allowed.
2011-07-05 21:41:59,908 - Velocimacro : autoload off : VM system will not automatically reload global library macros
2011-07-05 21:41:59,908 - Velocimacro : autoload off : VM system will not automatically reload global library macros
2011-07-05 21:45:44,574 - Log4JLogChute initialized using file 'velocity.log'
2011-07-05 21:45:44,575 - Starting Apache Velocity v1.5 (compiled: 2007-02-22 08:52:29)
2011-07-05 21:45:44,576 - Default Properties File: org/apache/velocity/runtime/defaults/velocity.properties
2011-07-05 21:45:44,576 - Trying to use logger class org.apache.velocity.runtime.log.AvalonLogChute
2011-07-05 21:45:44,577 - Couldn't find class org.apache.velocity.runtime.log.AvalonLogChute or necessary supporting classes in classpath.
java.lang.NoClassDefFoundError: org/apache/log/format/Formatter
	at java.lang.Class.forName0(Native Method)
	at java.lang.Class.forName(Class.java:264)
	at org.apache.velocity.util.ClassUtils.getClass(ClassUtils.java:63)
	at org.apache.velocity.util.ClassUtils.getNewInstance(ClassUtils.java:95)
	at org.apache.velocity.runtime.log.LogManager.createLogChute(LogManager.java:147)
	at org.apache.velocity.runtime.log.LogManager.updateLog(LogManager.java:208)
	at org.apache.velocity.runtime.RuntimeInstance.initializeLog(RuntimeInstance.java:728)
	at org.apache.velocity.runtime.RuntimeInstance.init(RuntimeInstance.java:240)
	at org.apache.velocity.runtime.RuntimeInstance.init(RuntimeInstance.java:534)
	at org.apache.velocity.app.VelocityEngine.init(VelocityEngine.java:144)
	at com.amazonaws.mturk.addon.HITQuestion.<init>(HITQuestion.java:68)
	at com.amazonaws.mturk.cmd.LoadHITs.loadHITs(LoadHITs.java:185)
	at com.amazonaws.mturk.cmd.LoadHITs.runCommand(LoadHITs.java:120)
	at com.amazonaws.mturk.cmd.AbstractCmd.run(AbstractCmd.java:148)
	at com.amazonaws.mturk.cmd.LoadHITs.main(LoadHITs.java:55)
Caused by: java.lang.ClassNotFoundException: org.apache.log.format.Formatter
	at java.net.URLClassLoader$1.run(URLClassLoader.java:217)
	at java.security.AccessController.doPrivileged(Native Method)
	at java.net.URLClassLoader.findClass(URLClassLoader.java:205)
	at java.lang.ClassLoader.loadClass(ClassLoader.java:321)
	at sun.misc.Launcher$AppClassLoader.loadClass(Launcher.java:294)
	at java.lang.ClassLoader.loadClass(ClassLoader.java:266)
	at java.lang.ClassLoader.loadClassInternal(ClassLoader.java:334)
	... 15 more
2011-07-05 21:45:44,579 - Trying to use logger class org.apache.velocity.runtime.log.Log4JLogChute
2011-07-05 21:45:44,579 - Using logger class org.apache.velocity.runtime.log.Log4JLogChute
2011-07-05 21:45:44,584 - Default ResourceManager initializing. (class org.apache.velocity.runtime.resource.ResourceManagerImpl)
2011-07-05 21:45:44,591 - ResourceLoader instantiated: org.apache.velocity.runtime.resource.loader.FileResourceLoader
2011-07-05 21:45:44,594 - Do unicode file recognition:  false
2011-07-05 21:45:44,594 - FileResourceLoader : adding path '/afs/athena.mit.edu/user/j/g/jgross/web_scripts/alphabets/results/mturk-results/HITs/classification/large_data_set/first_no_uniuqe_classes_run'
2011-07-05 21:45:44,616 - ResourceCache: initialized (class org.apache.velocity.runtime.resource.ResourceCacheImpl)
2011-07-05 21:45:44,619 - Loaded System Directive: org.apache.velocity.runtime.directive.Literal
2011-07-05 21:45:44,621 - Loaded System Directive: org.apache.velocity.runtime.directive.Macro
2011-07-05 21:45:44,625 - Loaded System Directive: org.apache.velocity.runtime.directive.Parse
2011-07-05 21:45:44,628 - Loaded System Directive: org.apache.velocity.runtime.directive.Include
2011-07-05 21:45:44,630 - Loaded System Directive: org.apache.velocity.runtime.directive.Foreach
2011-07-05 21:45:44,680 - Created '20' parsers.
2011-07-05 21:45:44,698 - Velocimacro : "velocimacro.library" is not set.  Trying default library: VM_global_library.vm
2011-07-05 21:45:44,698 - Velocimacro : Default library not found.
2011-07-05 21:45:44,699 - Velocimacro : allowInline = true : VMs can be defined inline in templates
2011-07-05 21:45:44,699 - Velocimacro : allowInlineToOverride = false : VMs defined inline may NOT replace previous VM definitions
2011-07-05 21:45:44,699 - Velocimacro : allowInlineLocal = false : VMs defined inline will be global in scope if allowed.
2011-07-05 21:45:44,699 - Velocimacro : autoload off : VM system will not automatically reload global library macros
2011-07-05 21:45:44,718 - ResourceManager : found classification.question with loader org.apache.velocity.runtime.resource.loader.FileResourceLoader
2011-07-05 21:45:44,741 - Log4JLogChute initialized using file 'velocity.log'
2011-07-05 21:45:44,741 - Log4JLogChute initialized using file 'velocity.log'
2011-07-05 21:45:44,741 - Starting Apache Velocity v1.5 (compiled: 2007-02-22 08:52:29)
2011-07-05 21:45:44,741 - Starting Apache Velocity v1.5 (compiled: 2007-02-22 08:52:29)
2011-07-05 21:45:44,741 - Default Properties File: org/apache/velocity/runtime/defaults/velocity.properties
2011-07-05 21:45:44,741 - Default Properties File: org/apache/velocity/runtime/defaults/velocity.properties
2011-07-05 21:45:44,741 - Trying to use logger class org.apache.velocity.runtime.log.AvalonLogChute
2011-07-05 21:45:44,741 - Trying to use logger class org.apache.velocity.runtime.log.AvalonLogChute
2011-07-05 21:45:44,741 - Couldn't find class org.apache.velocity.runtime.log.AvalonLogChute or necessary supporting classes in classpath.
java.lang.NoClassDefFoundError: org/apache/log/format/Formatter
	at java.lang.Class.forName0(Native Method)
	at java.lang.Class.forName(Class.java:264)
	at org.apache.velocity.util.ClassUtils.getClass(ClassUtils.java:63)
	at org.apache.velocity.util.ClassUtils.getNewInstance(ClassUtils.java:95)
	at org.apache.velocity.runtime.log.LogManager.createLogChute(LogManager.java:147)
	at org.apache.velocity.runtime.log.LogManager.updateLog(LogManager.java:208)
	at org.apache.velocity.runtime.RuntimeInstance.initializeLog(RuntimeInstance.java:728)
	at org.apache.velocity.runtime.RuntimeInstance.init(RuntimeInstance.java:240)
	at org.apache.velocity.runtime.RuntimeSingleton.init(RuntimeSingleton.java:113)
	at org.apache.velocity.app.Velocity.init(Velocity.java:83)
	at com.amazonaws.mturk.util.VelocityUtil.doMerge(VelocityUtil.java:34)
	at com.amazonaws.mturk.addon.HITProperties.getMaxAssignments(HITProperties.java:266)
	at com.amazonaws.mturk.cmd.LoadHITs.loadHITs(LoadHITs.java:226)
	at com.amazonaws.mturk.cmd.LoadHITs.runCommand(LoadHITs.java:120)
	at com.amazonaws.mturk.cmd.AbstractCmd.run(AbstractCmd.java:148)
	at com.amazonaws.mturk.cmd.LoadHITs.main(LoadHITs.java:55)
Caused by: java.lang.ClassNotFoundException: org.apache.log.format.Formatter
	at java.net.URLClassLoader$1.run(URLClassLoader.java:217)
	at java.security.AccessController.doPrivileged(Native Method)
	at java.net.URLClassLoader.findClass(URLClassLoader.java:205)
	at java.lang.ClassLoader.loadClass(ClassLoader.java:321)
	at sun.misc.Launcher$AppClassLoader.loadClass(Launcher.java:294)
	at java.lang.ClassLoader.loadClass(ClassLoader.java:266)
	at java.lang.ClassLoader.loadClassInternal(ClassLoader.java:334)
	... 16 more
2011-07-05 21:45:44,741 - Couldn't find class org.apache.velocity.runtime.log.AvalonLogChute or necessary supporting classes in classpath.
java.lang.NoClassDefFoundError: org/apache/log/format/Formatter
	at java.lang.Class.forName0(Native Method)
	at java.lang.Class.forName(Class.java:264)
	at org.apache.velocity.util.ClassUtils.getClass(ClassUtils.java:63)
	at org.apache.velocity.util.ClassUtils.getNewInstance(ClassUtils.java:95)
	at org.apache.velocity.runtime.log.LogManager.createLogChute(LogManager.java:147)
	at org.apache.velocity.runtime.log.LogManager.updateLog(LogManager.java:208)
	at org.apache.velocity.runtime.RuntimeInstance.initializeLog(RuntimeInstance.java:728)
	at org.apache.velocity.runtime.RuntimeInstance.init(RuntimeInstance.java:240)
	at org.apache.velocity.runtime.RuntimeSingleton.init(RuntimeSingleton.java:113)
	at org.apache.velocity.app.Velocity.init(Velocity.java:83)
	at com.amazonaws.mturk.util.VelocityUtil.doMerge(VelocityUtil.java:34)
	at com.amazonaws.mturk.addon.HITProperties.getMaxAssignments(HITProperties.java:266)
	at com.amazonaws.mturk.cmd.LoadHITs.loadHITs(LoadHITs.java:226)
	at com.amazonaws.mturk.cmd.LoadHITs.runCommand(LoadHITs.java:120)
	at com.amazonaws.mturk.cmd.AbstractCmd.run(AbstractCmd.java:148)
	at com.amazonaws.mturk.cmd.LoadHITs.main(LoadHITs.java:55)
Caused by: java.lang.ClassNotFoundException: org.apache.log.format.Formatter
	at java.net.URLClassLoader$1.run(URLClassLoader.java:217)
	at java.security.AccessController.doPrivileged(Native Method)
	at java.net.URLClassLoader.findClass(URLClassLoader.java:205)
	at java.lang.ClassLoader.loadClass(ClassLoader.java:321)
	at sun.misc.Launcher$AppClassLoader.loadClass(Launcher.java:294)
	at java.lang.ClassLoader.loadClass(ClassLoader.java:266)
	at java.lang.ClassLoader.loadClassInternal(ClassLoader.java:334)
	... 16 more
2011-07-05 21:45:44,742 - Trying to use logger class org.apache.velocity.runtime.log.Log4JLogChute
2011-07-05 21:45:44,742 - Trying to use logger class org.apache.velocity.runtime.log.Log4JLogChute
2011-07-05 21:45:44,742 - Using logger class org.apache.velocity.runtime.log.Log4JLogChute
2011-07-05 21:45:44,742 - Using logger class org.apache.velocity.runtime.log.Log4JLogChute
2011-07-05 21:45:44,742 - Default ResourceManager initializing. (class org.apache.velocity.runtime.resource.ResourceManagerImpl)
2011-07-05 21:45:44,742 - Default ResourceManager initializing. (class org.apache.velocity.runtime.resource.ResourceManagerImpl)
2011-07-05 21:45:44,742 - ResourceLoader instantiated: org.apache.velocity.runtime.resource.loader.FileResourceLoader
2011-07-05 21:45:44,742 - ResourceLoader instantiated: org.apache.velocity.runtime.resource.loader.FileResourceLoader
2011-07-05 21:45:44,742 - Do unicode file recognition:  false
2011-07-05 21:45:44,742 - Do unicode file recognition:  false
2011-07-05 21:45:44,743 - FileResourceLoader : adding path '.'
2011-07-05 21:45:44,743 - FileResourceLoader : adding path '.'
2011-07-05 21:45:44,743 - ResourceCache: initialized (class org.apache.velocity.runtime.resource.ResourceCacheImpl)
2011-07-05 21:45:44,743 - ResourceCache: initialized (class org.apache.velocity.runtime.resource.ResourceCacheImpl)
2011-07-05 21:45:44,744 - Loaded System Directive: org.apache.velocity.runtime.directive.Literal
2011-07-05 21:45:44,744 - Loaded System Directive: org.apache.velocity.runtime.directive.Literal
2011-07-05 21:45:44,744 - Loaded System Directive: org.apache.velocity.runtime.directive.Macro
2011-07-05 21:45:44,744 - Loaded System Directive: org.apache.velocity.runtime.directive.Macro
2011-07-05 21:45:44,744 - Loaded System Directive: org.apache.velocity.runtime.directive.Parse
2011-07-05 21:45:44,744 - Loaded System Directive: org.apache.velocity.runtime.directive.Parse
2011-07-05 21:45:44,744 - Loaded System Directive: org.apache.velocity.runtime.directive.Include
2011-07-05 21:45:44,744 - Loaded System Directive: org.apache.velocity.runtime.directive.Include
2011-07-05 21:45:44,744 - Loaded System Directive: org.apache.velocity.runtime.directive.Foreach
2011-07-05 21:45:44,744 - Loaded System Directive: org.apache.velocity.runtime.directive.Foreach
2011-07-05 21:45:44,748 - Created '20' parsers.
2011-07-05 21:45:44,748 - Created '20' parsers.
2011-07-05 21:45:44,749 - Velocimacro : "velocimacro.library" is not set.  Trying default library: VM_global_library.vm
2011-07-05 21:45:44,749 - Velocimacro : "velocimacro.library" is not set.  Trying default library: VM_global_library.vm
2011-07-05 21:45:44,749 - Velocimacro : Default library not found.
2011-07-05 21:45:44,749 - Velocimacro : Default library not found.
2011-07-05 21:45:44,749 - Velocimacro : allowInline = true : VMs can be defined inline in templates
2011-07-05 21:45:44,749 - Velocimacro : allowInline = true : VMs can be defined inline in templates
2011-07-05 21:45:44,749 - Velocimacro : allowInlineToOverride = false : VMs defined inline may NOT replace previous VM definitions
2011-07-05 21:45:44,749 - Velocimacro : allowInlineToOverride = false : VMs defined inline may NOT replace previous VM definitions
2011-07-05 21:45:44,749 - Velocimacro : allowInlineLocal = false : VMs defined inline will be global in scope if allowed.
2011-07-05 21:45:44,749 - Velocimacro : allowInlineLocal = false : VMs defined inline will be global in scope if allowed.
2011-07-05 21:45:44,749 - Velocimacro : autoload off : VM system will not automatically reload global library macros
2011-07-05 21:45:44,749 - Velocimacro : autoload off : VM system will not automatically reload global library macros
2011-07-15 12:46:55,743 - Log4JLogChute initialized using file 'velocity.log'
2011-07-15 12:46:55,743 - Starting Apache Velocity v1.5 (compiled: 2007-02-22 08:52:29)
2011-07-15 12:46:55,743 - Default Properties File: org/apache/velocity/runtime/defaults/velocity.properties
2011-07-15 12:46:55,743 - Trying to use logger class org.apache.velocity.runtime.log.AvalonLogChute
2011-07-15 12:46:55,744 - Couldn't find class org.apache.velocity.runtime.log.AvalonLogChute or necessary supporting classes in classpath.
java.lang.NoClassDefFoundError: org/apache/log/format/Formatter
	at java.lang.Class.forName0(Native Method)
	at java.lang.Class.forName(Class.java:264)
	at org.apache.velocity.util.ClassUtils.getClass(ClassUtils.java:63)
	at org.apache.velocity.util.ClassUtils.getNewInstance(ClassUtils.java:95)
	at org.apache.velocity.runtime.log.LogManager.createLogChute(LogManager.java:147)
	at org.apache.velocity.runtime.log.LogManager.updateLog(LogManager.java:208)
	at org.apache.velocity.runtime.RuntimeInstance.initializeLog(RuntimeInstance.java:728)
	at org.apache.velocity.runtime.RuntimeInstance.init(RuntimeInstance.java:240)
	at org.apache.velocity.runtime.RuntimeInstance.init(RuntimeInstance.java:534)
	at org.apache.velocity.app.VelocityEngine.init(VelocityEngine.java:144)
	at com.amazonaws.mturk.addon.HITQuestion.<init>(HITQuestion.java:68)
	at com.amazonaws.mturk.cmd.LoadHITs.loadHITs(LoadHITs.java:185)
	at com.amazonaws.mturk.cmd.LoadHITs.runCommand(LoadHITs.java:120)
	at com.amazonaws.mturk.cmd.AbstractCmd.run(AbstractCmd.java:148)
	at com.amazonaws.mturk.cmd.LoadHITs.main(LoadHITs.java:55)
Caused by: java.lang.ClassNotFoundException: org.apache.log.format.Formatter
	at java.net.URLClassLoader$1.run(URLClassLoader.java:217)
	at java.security.AccessController.doPrivileged(Native Method)
	at java.net.URLClassLoader.findClass(URLClassLoader.java:205)
	at java.lang.ClassLoader.loadClass(ClassLoader.java:321)
	at sun.misc.Launcher$AppClassLoader.loadClass(Launcher.java:294)
	at java.lang.ClassLoader.loadClass(ClassLoader.java:266)
	at java.lang.ClassLoader.loadClassInternal(ClassLoader.java:334)
	... 15 more
2011-07-15 12:46:55,745 - Trying to use logger class org.apache.velocity.runtime.log.Log4JLogChute
2011-07-15 12:46:55,746 - Using logger class org.apache.velocity.runtime.log.Log4JLogChute
2011-07-15 12:46:55,750 - Default ResourceManager initializing. (class org.apache.velocity.runtime.resource.ResourceManagerImpl)
2011-07-15 12:46:55,755 - ResourceLoader instantiated: org.apache.velocity.runtime.resource.loader.FileResourceLoader
2011-07-15 12:46:55,757 - Do unicode file recognition:  false
2011-07-15 12:46:55,757 - FileResourceLoader : adding path '/afs/athena.mit.edu/user/j/g/jgross/web_scripts/alphabets/results/mturk-results/HITs/similarity/large_data_set/first_run'
2011-07-15 12:46:55,776 - ResourceCache: initialized (class org.apache.velocity.runtime.resource.ResourceCacheImpl)
2011-07-15 12:46:55,778 - Loaded System Directive: org.apache.velocity.runtime.directive.Literal
2011-07-15 12:46:55,780 - Loaded System Directive: org.apache.velocity.runtime.directive.Macro
2011-07-15 12:46:55,783 - Loaded System Directive: org.apache.velocity.runtime.directive.Parse
2011-07-15 12:46:55,785 - Loaded System Directive: org.apache.velocity.runtime.directive.Include
2011-07-15 12:46:55,787 - Loaded System Directive: org.apache.velocity.runtime.directive.Foreach
2011-07-15 12:46:55,834 - Created '20' parsers.
2011-07-15 12:46:55,849 - Velocimacro : "velocimacro.library" is not set.  Trying default library: VM_global_library.vm
2011-07-15 12:46:55,849 - Velocimacro : Default library not found.
2011-07-15 12:46:55,849 - Velocimacro : allowInline = true : VMs can be defined inline in templates
2011-07-15 12:46:55,849 - Velocimacro : allowInlineToOverride = false : VMs defined inline may NOT replace previous VM definitions
2011-07-15 12:46:55,850 - Velocimacro : allowInlineLocal = false : VMs defined inline will be global in scope if allowed.
2011-07-15 12:46:55,850 - Velocimacro : autoload off : VM system will not automatically reload global library macros
2011-07-15 12:46:55,872 - ResourceManager : found similarity.question with loader org.apache.velocity.runtime.resource.loader.FileResourceLoader
2011-07-15 12:46:55,884 - Log4JLogChute initialized using file 'velocity.log'
2011-07-15 12:46:55,884 - Log4JLogChute initialized using file 'velocity.log'
2011-07-15 12:46:55,884 - Starting Apache Velocity v1.5 (compiled: 2007-02-22 08:52:29)
2011-07-15 12:46:55,884 - Starting Apache Velocity v1.5 (compiled: 2007-02-22 08:52:29)
2011-07-15 12:46:55,884 - Default Properties File: org/apache/velocity/runtime/defaults/velocity.properties
2011-07-15 12:46:55,884 - Default Properties File: org/apache/velocity/runtime/defaults/velocity.properties
2011-07-15 12:46:55,884 - Trying to use logger class org.apache.velocity.runtime.log.AvalonLogChute
2011-07-15 12:46:55,884 - Trying to use logger class org.apache.velocity.runtime.log.AvalonLogChute
2011-07-15 12:46:55,884 - Couldn't find class org.apache.velocity.runtime.log.AvalonLogChute or necessary supporting classes in classpath.
java.lang.NoClassDefFoundError: org/apache/log/format/Formatter
	at java.lang.Class.forName0(Native Method)
	at java.lang.Class.forName(Class.java:264)
	at org.apache.velocity.util.ClassUtils.getClass(ClassUtils.java:63)
	at org.apache.velocity.util.ClassUtils.getNewInstance(ClassUtils.java:95)
	at org.apache.velocity.runtime.log.LogManager.createLogChute(LogManager.java:147)
	at org.apache.velocity.runtime.log.LogManager.updateLog(LogManager.java:208)
	at org.apache.velocity.runtime.RuntimeInstance.initializeLog(RuntimeInstance.java:728)
	at org.apache.velocity.runtime.RuntimeInstance.init(RuntimeInstance.java:240)
	at org.apache.velocity.runtime.RuntimeSingleton.init(RuntimeSingleton.java:113)
	at org.apache.velocity.app.Velocity.init(Velocity.java:83)
	at com.amazonaws.mturk.util.VelocityUtil.doMerge(VelocityUtil.java:34)
	at com.amazonaws.mturk.addon.HITProperties.getMaxAssignments(HITProperties.java:266)
	at com.amazonaws.mturk.cmd.LoadHITs.loadHITs(LoadHITs.java:226)
	at com.amazonaws.mturk.cmd.LoadHITs.runCommand(LoadHITs.java:120)
	at com.amazonaws.mturk.cmd.AbstractCmd.run(AbstractCmd.java:148)
	at com.amazonaws.mturk.cmd.LoadHITs.main(LoadHITs.java:55)
Caused by: java.lang.ClassNotFoundException: org.apache.log.format.Formatter
	at java.net.URLClassLoader$1.run(URLClassLoader.java:217)
	at java.security.AccessController.doPrivileged(Native Method)
	at java.net.URLClassLoader.findClass(URLClassLoader.java:205)
	at java.lang.ClassLoader.loadClass(ClassLoader.java:321)
	at sun.misc.Launcher$AppClassLoader.loadClass(Launcher.java:294)
	at java.lang.ClassLoader.loadClass(ClassLoader.java:266)
	at java.lang.ClassLoader.loadClassInternal(ClassLoader.java:334)
	... 16 more
2011-07-15 12:46:55,884 - Couldn't find class org.apache.velocity.runtime.log.AvalonLogChute or necessary supporting classes in classpath.
java.lang.NoClassDefFoundError: org/apache/log/format/Formatter
	at java.lang.Class.forName0(Native Method)
	at java.lang.Class.forName(Class.java:264)
	at org.apache.velocity.util.ClassUtils.getClass(ClassUtils.java:63)
	at org.apache.velocity.util.ClassUtils.getNewInstance(ClassUtils.java:95)
	at org.apache.velocity.runtime.log.LogManager.createLogChute(LogManager.java:147)
	at org.apache.velocity.runtime.log.LogManager.updateLog(LogManager.java:208)
	at org.apache.velocity.runtime.RuntimeInstance.initializeLog(RuntimeInstance.java:728)
	at org.apache.velocity.runtime.RuntimeInstance.init(RuntimeInstance.java:240)
	at org.apache.velocity.runtime.RuntimeSingleton.init(RuntimeSingleton.java:113)
	at org.apache.velocity.app.Velocity.init(Velocity.java:83)
	at com.amazonaws.mturk.util.VelocityUtil.doMerge(VelocityUtil.java:34)
	at com.amazonaws.mturk.addon.HITProperties.getMaxAssignments(HITProperties.java:266)
	at com.amazonaws.mturk.cmd.LoadHITs.loadHITs(LoadHITs.java:226)
	at com.amazonaws.mturk.cmd.LoadHITs.runCommand(LoadHITs.java:120)
	at com.amazonaws.mturk.cmd.AbstractCmd.run(AbstractCmd.java:148)
	at com.amazonaws.mturk.cmd.LoadHITs.main(LoadHITs.java:55)
Caused by: java.lang.ClassNotFoundException: org.apache.log.format.Formatter
	at java.net.URLClassLoader$1.run(URLClassLoader.java:217)
	at java.security.AccessController.doPrivileged(Native Method)
	at java.net.URLClassLoader.findClass(URLClassLoader.java:205)
	at java.lang.ClassLoader.loadClass(ClassLoader.java:321)
	at sun.misc.Launcher$AppClassLoader.loadClass(Launcher.java:294)
	at java.lang.ClassLoader.loadClass(ClassLoader.java:266)
	at java.lang.ClassLoader.loadClassInternal(ClassLoader.java:334)
	... 16 more
2011-07-15 12:46:55,885 - Trying to use logger class org.apache.velocity.runtime.log.Log4JLogChute
2011-07-15 12:46:55,885 - Trying to use logger class org.apache.velocity.runtime.log.Log4JLogChute
2011-07-15 12:46:55,885 - Using logger class org.apache.velocity.runtime.log.Log4JLogChute
2011-07-15 12:46:55,885 - Using logger class org.apache.velocity.runtime.log.Log4JLogChute
2011-07-15 12:46:55,885 - Default ResourceManager initializing. (class org.apache.velocity.runtime.resource.ResourceManagerImpl)
2011-07-15 12:46:55,885 - Default ResourceManager initializing. (class org.apache.velocity.runtime.resource.ResourceManagerImpl)
2011-07-15 12:46:55,886 - ResourceLoader instantiated: org.apache.velocity.runtime.resource.loader.FileResourceLoader
2011-07-15 12:46:55,886 - ResourceLoader instantiated: org.apache.velocity.runtime.resource.loader.FileResourceLoader
2011-07-15 12:46:55,886 - Do unicode file recognition:  false
2011-07-15 12:46:55,886 - Do unicode file recognition:  false
2011-07-15 12:46:55,886 - FileResourceLoader : adding path '.'
2011-07-15 12:46:55,886 - FileResourceLoader : adding path '.'
2011-07-15 12:46:55,886 - ResourceCache: initialized (class org.apache.velocity.runtime.resource.ResourceCacheImpl)
2011-07-15 12:46:55,886 - ResourceCache: initialized (class org.apache.velocity.runtime.resource.ResourceCacheImpl)
2011-07-15 12:46:55,887 - Loaded System Directive: org.apache.velocity.runtime.directive.Literal
2011-07-15 12:46:55,887 - Loaded System Directive: org.apache.velocity.runtime.directive.Literal
2011-07-15 12:46:55,887 - Loaded System Directive: org.apache.velocity.runtime.directive.Macro
2011-07-15 12:46:55,887 - Loaded System Directive: org.apache.velocity.runtime.directive.Macro
2011-07-15 12:46:55,887 - Loaded System Directive: org.apache.velocity.runtime.directive.Parse
2011-07-15 12:46:55,887 - Loaded System Directive: org.apache.velocity.runtime.directive.Parse
2011-07-15 12:46:55,887 - Loaded System Directive: org.apache.velocity.runtime.directive.Include
2011-07-15 12:46:55,887 - Loaded System Directive: org.apache.velocity.runtime.directive.Include
2011-07-15 12:46:55,887 - Loaded System Directive: org.apache.velocity.runtime.directive.Foreach
2011-07-15 12:46:55,887 - Loaded System Directive: org.apache.velocity.runtime.directive.Foreach
2011-07-15 12:46:55,890 - Created '20' parsers.
2011-07-15 12:46:55,890 - Created '20' parsers.
2011-07-15 12:46:55,890 - Velocimacro : "velocimacro.library" is not set.  Trying default library: VM_global_library.vm
2011-07-15 12:46:55,890 - Velocimacro : "velocimacro.library" is not set.  Trying default library: VM_global_library.vm
2011-07-15 12:46:55,890 - Velocimacro : Default library not found.
2011-07-15 12:46:55,890 - Velocimacro : Default library not found.
2011-07-15 12:46:55,890 - Velocimacro : allowInline = true : VMs can be defined inline in templates
2011-07-15 12:46:55,890 - Velocimacro : allowInline = true : VMs can be defined inline in templates
2011-07-15 12:46:55,891 - Velocimacro : allowInlineToOverride = false : VMs defined inline may NOT replace previous VM definitions
2011-07-15 12:46:55,891 - Velocimacro : allowInlineToOverride = false : VMs defined inline may NOT replace previous VM definitions
2011-07-15 12:46:55,891 - Velocimacro : allowInlineLocal = false : VMs defined inline will be global in scope if allowed.
2011-07-15 12:46:55,891 - Velocimacro : allowInlineLocal = false : VMs defined inline will be global in scope if allowed.
2011-07-15 12:46:55,891 - Velocimacro : autoload off : VM system will not automatically reload global library macros
2011-07-15 12:46:55,891 - Velocimacro : autoload off : VM system will not automatically reload global library macros
